{"target": -12.4780129010131, "params": {"x": -1.2662205459144347, "y": -2.445968431387213}, "datetime": {"datetime": "2024-10-06 19:05:57", "elapsed": 0.0, "delta": 0.0}}
{"target": -3.854042311624367, "params": {"x": -1.0686989431116456, "y": -0.9266356377417135}, "datetime": {"datetime": "2024-10-06 19:05:57", "elapsed": 0.000959, "delta": 0.000959}}
{"target": -6.999999999999999, "params": {"x": -1.9999999999999998, "y": 3.0}, "datetime": {"datetime": "2024-10-06 19:05:57", "elapsed": 0.082002, "delta": 0.081043}}
{"target": -3.0501690790995317, "params": {"x": -1.964949641706898, "y": 0.5650954304040188}, "datetime": {"datetime": "2024-10-06 19:05:57", "elapsed": 0.115224, "delta": 0.033222}}
{"target": -3.2113110466441164, "params": {"x": 0.45968581296807126, "y": 3.0}, "datetime": {"datetime": "2024-10-06 19:05:57", "elapsed": 0.162092, "delta": 0.046868}}
